<?xml version="1.0" encoding="UTF-8"?>
<!-- Generated by org.testng.reporters.JUnitReportReporter -->
<testsuite skipped="0" hostname="RammohanN-PC" name="com.ktpl.testcases.HeadersectionTest" tests="2" failures="0" timestamp="2020-06-26T13:45:10 IST" time="0.402" errors="0">
  <testcase name="storelogotest" time="0.199" classname="com.ktpl.testcases.HeadersectionTest"/>
  <testcase name="MyaccounticonTest" time="0.203" classname="com.ktpl.testcases.HeadersectionTest"/>
</testsuite> <!-- com.ktpl.testcases.HeadersectionTest -->
