<?xml version="1.0" encoding="UTF-8"?>
<!-- Generated by org.testng.reporters.JUnitReportReporter -->
<testsuite skipped="0" hostname="RammohanN-PC" name="com.ktpl.pages.Loginpage" tests="1" failures="0" timestamp="2020-02-04T16:14:20 IST" time="62.189" errors="0">
  <testcase name="loginpage" time="62.189" classname="com.ktpl.pages.Loginpage"/>
</testsuite> <!-- com.ktpl.pages.Loginpage -->
