<?xml version="1.0" encoding="UTF-8"?>
<!-- Generated by org.testng.reporters.JUnitReportReporter -->
<<<<<<< HEAD
<testsuite skipped="0" hostname="RammohanN-PC" name="com.ktpl.testcases.HeadersectionTest" tests="2" failures="0" timestamp="2020-06-26T09:17:34 IST" time="0.532" errors="0">
  <testcase name="storelogotest" time="0.290" classname="com.ktpl.testcases.HeadersectionTest"/>
  <testcase name="MyaccounticonTest" time="0.242" classname="com.ktpl.testcases.HeadersectionTest"/>
=======
<testsuite skipped="0" hostname="RammohanN-PC" name="com.ktpl.testcases.HeadersectionTest" tests="2" failures="0" timestamp="2020-06-26T13:45:10 IST" time="0.402" errors="0">
  <testcase name="storelogotest" time="0.199" classname="com.ktpl.testcases.HeadersectionTest"/>
  <testcase name="MyaccounticonTest" time="0.203" classname="com.ktpl.testcases.HeadersectionTest"/>
>>>>>>> 198e6a575fa48515f12a0c590d83f9d55a4fbe71
</testsuite> <!-- com.ktpl.testcases.HeadersectionTest -->
