<<<<<<< HEAD
<?xml version="1.0" encoding="UTF-8"?>
<!-- Generated by org.testng.reporters.JUnitReportReporter -->
<testsuite skipped="0" hostname="RammohanN-PC" name="com.ktpl.utilities.SampleClass" tests="1" failures="0" timestamp="2020-02-24T19:13:00 IST" time="0.693" errors="0">
  <testcase name="testmethod" time="0.693" classname="com.ktpl.utilities.SampleClass"/>
</testsuite> <!-- com.ktpl.utilities.SampleClass -->
=======
<?xml version="1.0" encoding="UTF-8"?>
<!-- Generated by org.testng.reporters.JUnitReportReporter -->
<testsuite skipped="0" hostname="RammohanN-PC" name="com.ktpl.utilities.SampleClass" tests="1" failures="0" timestamp="2020-02-24T19:13:00 IST" time="0.693" errors="0">
  <testcase name="testmethod" time="0.693" classname="com.ktpl.utilities.SampleClass"/>
</testsuite> <!-- com.ktpl.utilities.SampleClass -->
>>>>>>> 198e6a575fa48515f12a0c590d83f9d55a4fbe71
