<<<<<<< HEAD
<?xml version="1.0" encoding="UTF-8"?>
<!-- Generated by org.testng.reporters.JUnitReportReporter -->
<testsuite skipped="0" hostname="RammohanN-PC" name="com.ktpl.utilities.UtilityMethods" tests="1" failures="0" timestamp="2020-02-25T19:51:12 IST" time="0.621" errors="0">
  <testcase name="test" time="0.621" classname="com.ktpl.utilities.UtilityMethods"/>
</testsuite> <!-- com.ktpl.utilities.UtilityMethods -->
=======
<?xml version="1.0" encoding="UTF-8"?>
<!-- Generated by org.testng.reporters.JUnitReportReporter -->
<testsuite skipped="0" hostname="RammohanN-PC" name="com.ktpl.utilities.UtilityMethods" tests="1" failures="0" timestamp="2020-02-25T19:51:12 IST" time="0.621" errors="0">
  <testcase name="test" time="0.621" classname="com.ktpl.utilities.UtilityMethods"/>
</testsuite> <!-- com.ktpl.utilities.UtilityMethods -->
>>>>>>> 198e6a575fa48515f12a0c590d83f9d55a4fbe71
